1595959757891	mozrunner::runner	INFO	Running command: "D:\\Program Files\\Mozilla Firefox\\firefox.exe" "-marionette" "-foreground" "-no-remote" "-profile" "C:\\Users\\duang01\\AppData\\Local\\Temp\\rust_mozprofilerr15Cp"
JavaScript error: resource://gre/modules/XULStore.jsm, line 66: Error: Can't find profile directory.
1595959765238	Marionette	INFO	Listening on port 6611
1595959765581	Marionette	WARN	TLS certificate errors will be ignored for this session
1595959991774	Marionette	INFO	Stopped listening on port 6611

###!!! [Child][RunMessage] Error: Channel closing: too late to send/recv, messages will be lost


###!!! [Child][MessageChannel::SendAndWait] Error: Channel error: cannot send/recv

gre/modules/XULStore.jsm, line 66: Error: Can't find profile directory.
1595959774695	Marionette	INFO	Listening on port 6711
1595959775181	Marionette	WARN	TLS certificate errors will be ignored for this session
1595959777578	Marionette	ERROR	[24] No reply from Marionette:Register
1595959999705	Marionette	INFO	Stopped listening on port 6711

###!!! [Child][RunMessage] Error: Channel closing: too late to send/recv, messages will be lost


###!!! [Child][MessageChannel::SendAndWait] Error: Channel error: cannot send/recv

gre/modules/XULStore.jsm, line 66: Error: Can't find profile directory.
1595959998502	Marionette	INFO	Listening on port 7838
1595959998930	Marionette	WARN	TLS certificate errors will be ignored for this session
1595960021629	Marionette	INFO	Stopped listening on port 7838

###!!! [Child][RunMessage] Error: Channel closing: too late to send/recv, messages will be lost


###!!! [Child][MessageChannel::SendAndWait] Error: Channel error: cannot send/recv

gre/modules/XULStore.jsm, line 66: Error: Can't find profile directory.
1595960007941	Marionette	INFO	Listening on port 7940
1595960008018	Marionette	WARN	TLS certificate errors will be ignored for this session
console.warn: LoginRecipes: "getRecipes: falling back to a synchronous message for:" "https://www.baidu.com"
console.error: "Store does not have a valid reducer. Make sure the argument passed to combineReducers is an object whose values are reducers."

###!!! [Parent][MessageChannel] Error: (msgtype=0x1D0011,name=PBackgroundStorage::Msg_Observe) Channel error: cannot send/recv

1595960220963	Marionette	INFO	Stopped listening on port 7940

###!!! [Child][RunMessage] Error: Channel closing: too late to send/recv, messages will be lost


###!!! [Child][MessageChannel::SendAndWait] Error: Channel error: cannot send/recv

1595960282738	mozrunner::runner	INFO	Running command: "D:\\Program Files\\Mozilla Firefox\\firefox.exe" "-marionette" "-foreground" "-no-remote" "-profile" "C:\\Users\\duang01\\AppData\\Local\\Temp\\rust_mozprofileN6FYMl"
JavaScript error: resource://gre/modules/XULStore.jsm, line 66: Error: Can't find profile directory.
1595960288207	Marionette	INFO	Listening on port 9338
1595960288235	Marionette	WARN	TLS certificate errors will be ignored for this session
1595960305435	Marionette	INFO	Stopped listening on port 9338

###!!! [Child][RunMessage] Error: Channel closing: too late to send/recv, messages will be lost


###!!! [Child][MessageChannel::SendAndWait] Error: Channel error: cannot send/recv

gre/modules/XULStore.jsm, line 66: Error: Can't find profile directory.
1595960296972	Marionette	INFO	Listening on port 9425
1595960297268	Marionette	WARN	TLS certificate errors will be ignored for this session
1595960303884	Marionette	INFO	Stopped listening on port 9425

###!!! [Child][MessageChannel::SendAndWait] Error: Channel error: cannot send/recv

1595960466851	mozrunner::runner	INFO	Running command: "D:\\Program Files\\Mozilla Firefox\\firefox.exe" "-marionette" "-foreground" "-no-remote" "-profile" "C:\\Users\\duang01\\AppData\\Local\\Temp\\rust_mozprofileHfTM1v"
JavaScript error: resource://gre/modules/XULStore.jsm, line 66: Error: Can't find profile directory.
1595960472037	Marionette	INFO	Listening on port 10322
1595960472344	Marionette	WARN	TLS certificate errors will be ignored for this session
1595960512224	Marionette	INFO	Stopped listening on port 10322

###!!! [Child][RunMessage] Error: Channel closing: too late to send/recv, messages will be lost


###!!! [Child][MessageChannel::SendAndWait] Error: Channel error: cannot send/recv

re/modules/XULStore.jsm, line 66: Error: Can't find profile directory.
1595960481070	Marionette	INFO	Listening on port 10406
1595960481470	Marionette	WARN	TLS certificate errors will be ignored for this session

###!!! [Child][RunMessage] Error: Channel closing: too late to send/recv, messages will be lost

1595960516400	Marionette	INFO	Stopped listening on port 10406

###!!! [Child][RunMessage] Error: Channel closing: too late to send/recv, messages will be lost


###!!! [Child][MessageChannel::SendAndWait] Error: Channel error: cannot send/recv

1595960561997	mozrunner::runner	INFO	Running command: "D:\\Program Files\\Mozilla Firefox\\firefox.exe" "-marionette" "-foreground" "-no-remote" "-profile" "C:\\Users\\duang01\\AppData\\Local\\Temp\\rust_mozprofiley8To9a"
JavaScript error: resource://gre/modules/XULStore.jsm, line 66: Error: Can't find profile directory.
1595960567371	Marionette	INFO	Listening on port 10874
1595960567762	Marionette	WARN	TLS certificate errors will be ignored for this session
1595960584563	Marionette	INFO	Stopped listening on port 10874

###!!! [Child][MessageChannel::SendAndWait] Error: Channel error: cannot send/recv

1595961523002	mozrunner::runner	INFO	Running command: "D:\\Program Files\\Mozilla Firefox\\firefox.exe" "-marionette" "-foreground" "-no-remote" "-profile" "C:\\Users\\duang01\\AppData\\Local\\Temp\\rust_mozprofilelojTMl"
JavaScript error: resource://gre/modules/XULStore.jsm, line 66: Error: Can't find profile directory.
1595961529133	Marionette	INFO	Listening on port 15478
1595961529471	Marionette	WARN	TLS certificate errors will be ignored for this session
1595961553074	Marionette	INFO	Stopped listening on port 15478

###!!! [Child][RunMessage] Error: Channel closing: too late to send/recv, messages will be lost


###!!! [Child][MessageChannel::SendAndWait] Error: Channel error: cannot send/recv

1595961583076	mozrunner::runner	INFO	Running command: "D:\\Program Files\\Mozilla Firefox\\firefox.exe" "-marionette" "-foreground" "-no-remote" "-profile" "C:\\Users\\duang01\\AppData\\Local\\Temp\\rust_mozprofilex7gl5W"
JavaScript error: resource://gre/modules/XULStore.jsm, line 66: Error: Can't find profile directory.
1595961588296	Marionette	INFO	Listening on port 15874
1595961588665	Marionette	WARN	TLS certificate errors will be ignored for this session
1595961624673	Marionette	INFO	Stopped listening on port 15874

###!!! [Child][RunMessage] Error: Channel closing: too late to send/recv, messages will be lost


###!!! [Child][MessageChannel::SendAndWait] Error: ChannJavaScript error: resource://gre/modules/XULStore.jsm, line 66: Error: Can't find profile directory.
1595961627867	Marionette	INFO	Listening on port 16114
1595961628334	Marionette	WARN	TLS certificate errors will be ignored for this session
1595961648055	Marionette	INFO	Stopped listening on port 16114

###!!! [Child][RunMessage] Error: Channel closing: too late to send/recv, messages will be lost


###!!! [Child][MessageChannel::SendAndWait] Error: Channel error: cannot send/recv

1595961653645	mozrunner::runner	INFO	Running command: "D:\\Program Files\\Mozilla Firefox\\firefox.exe" "-marionette" "-foreground" "-no-remote" "-profile" "C:\\Users\\duang01\\AppData\\Local\\Temp\\rust_mozprofileJyx2cv"
JavaScript error: resource://gre/modules/XULStore.jsm, line 66: Error: Can't find profile directory.
1595961658895	Marionette	INFO	Listening on port 16384
1595961659123	Marionette	WARN	TLS certificate errors will be ignored for this session
1595961721482	Marionette	INFO	Stopped listening on port 16384

###!!! [Child][RunMessage] Error: Channel closing: too late to send/recv, messages will be lost


###!!! [Child][MessageChannel::SendAndWait] Error: Channel error: cannot send/recv

1595962176911	mozrunner::runner	INFO	Running command: "D:\\Program Files\\Mozilla Firefox\\firefox.exe" "-marionette" "-foreground" "-no-remote" "-profile" "C:\\Users\\duang01\\AppData\\Local\\Temp\\rust_mozprofilesJzk3H"
JavaScript error: resource://gre/modules/XULStore.jsm, line 66: Error: Can't find profile directory.
1595962182976	Marionette	INFO	Listening on port 19003
1595962183037	Marionette	WARN	TLS certificate errors will be ignored for this session
1595962201602	Marionette	INFO	Stopped listening on port 19003

###!!! [Child][RunMessage] Error: Channel closing: too late to send/recv, messages will be lost


###!!! [Child][MessageChannel::SendAndWait] Error: Channel error: cannot send/recv

